[2025-02-28T07:24:06.392+0000] {taskinstance.py:1159} INFO - Dependencies all met for dep_context=non-requeueable deps ti=<TaskInstance: customer_churn_ml_pipeline.data_validation_task manual__2025-02-28T07:23:40.154132+00:00 [queued]>
[2025-02-28T07:24:06.428+0000] {taskinstance.py:1159} INFO - Dependencies all met for dep_context=requeueable deps ti=<TaskInstance: customer_churn_ml_pipeline.data_validation_task manual__2025-02-28T07:23:40.154132+00:00 [queued]>
[2025-02-28T07:24:06.429+0000] {taskinstance.py:1361} INFO - Starting attempt 1 of 1
[2025-02-28T07:24:06.483+0000] {taskinstance.py:1382} INFO - Executing <Task(BashOperator): data_validation_task> on 2025-02-28 07:23:40.154132+00:00
[2025-02-28T07:24:06.491+0000] {standard_task_runner.py:57} INFO - Started process 2375 to run task
[2025-02-28T07:24:06.500+0000] {standard_task_runner.py:84} INFO - Running: ['***', 'tasks', 'run', 'customer_churn_ml_pipeline', 'data_validation_task', 'manual__2025-02-28T07:23:40.154132+00:00', '--job-id', '71', '--raw', '--subdir', 'DAGS_FOLDER/customer_churn.py', '--cfg-path', '/tmp/tmpkg271btv']
[2025-02-28T07:24:06.507+0000] {standard_task_runner.py:85} INFO - Job 71: Subtask data_validation_task
[2025-02-28T07:24:06.580+0000] {logging_mixin.py:154} WARNING - /home/***/.local/lib/python3.8/site-packages/***/settings.py:195 DeprecationWarning: The sql_alchemy_conn option in [core] has been moved to the sql_alchemy_conn option in [database] - the old setting has been used, but please update your config.
[2025-02-28T07:24:06.702+0000] {task_command.py:416} INFO - Running <TaskInstance: customer_churn_ml_pipeline.data_validation_task manual__2025-02-28T07:23:40.154132+00:00 [running]> on host 4470298645d8
[2025-02-28T07:24:07.208+0000] {taskinstance.py:1662} INFO - Exporting env vars: AIRFLOW_CTX_DAG_OWNER='***' AIRFLOW_CTX_DAG_ID='customer_churn_ml_pipeline' AIRFLOW_CTX_TASK_ID='data_validation_task' AIRFLOW_CTX_EXECUTION_DATE='2025-02-28T07:23:40.154132+00:00' AIRFLOW_CTX_TRY_NUMBER='1' AIRFLOW_CTX_DAG_RUN_ID='manual__2025-02-28T07:23:40.154132+00:00'
[2025-02-28T07:24:07.211+0000] {subprocess.py:63} INFO - Tmp dir root location: /tmp
[2025-02-28T07:24:07.215+0000] {subprocess.py:75} INFO - Running command: ['/bin/bash', '-c', '\n                        dvc pull /opt/***/data/raw\n                        python /opt/***/executables/data_validation.py &&                         dvc add /opt/***/reports/csv_validation_report.csv &&                         git add /opt/***/reports/csv_validation_report.csv.dvc &&                         git commit -m "Updated validation" &&                         dvc push\n                    ']
[2025-02-28T07:24:07.238+0000] {subprocess.py:86} INFO - Output:
[2025-02-28T07:24:09.667+0000] {subprocess.py:93} INFO - ERROR: you are not inside of a DVC repository (checked up to mount point '/')
[2025-02-28T07:24:12.585+0000] {subprocess.py:93} INFO - 2025-02-28 07:24:12,585 : ERROR : Error validating  data: [Errno 2] No such file or directory: 'data/raw/customer_data.csv'
[2025-02-28T07:24:12.586+0000] {subprocess.py:93} INFO - Traceback (most recent call last):
[2025-02-28T07:24:12.586+0000] {subprocess.py:93} INFO -   File "/opt/***/executables/data_validation.py", line 87, in <module>
[2025-02-28T07:24:12.587+0000] {subprocess.py:93} INFO -     generate_csv_data_quality_report("customer_data.csv")
[2025-02-28T07:24:12.587+0000] {subprocess.py:93} INFO -   File "/opt/***/executables/data_validation.py", line 74, in generate_csv_data_quality_report
[2025-02-28T07:24:12.587+0000] {subprocess.py:93} INFO -     report_df = pd.DataFrame(report_data, columns=[
[2025-02-28T07:24:12.588+0000] {subprocess.py:93} INFO - UnboundLocalError: local variable 'report_data' referenced before assignment
[2025-02-28T07:24:12.787+0000] {subprocess.py:97} INFO - Command exited with return code 1
[2025-02-28T07:24:12.821+0000] {taskinstance.py:1937} ERROR - Task failed with exception
Traceback (most recent call last):
  File "/home/airflow/.local/lib/python3.8/site-packages/airflow/operators/bash.py", line 210, in execute
    raise AirflowException(
airflow.exceptions.AirflowException: Bash command failed. The command returned a non-zero exit code 1.
[2025-02-28T07:24:12.832+0000] {taskinstance.py:1400} INFO - Marking task as FAILED. dag_id=customer_churn_ml_pipeline, task_id=data_validation_task, execution_date=20250228T072340, start_date=20250228T072406, end_date=20250228T072412
[2025-02-28T07:24:12.871+0000] {standard_task_runner.py:104} ERROR - Failed to execute job 71 for task data_validation_task (Bash command failed. The command returned a non-zero exit code 1.; 2375)
[2025-02-28T07:24:12.895+0000] {local_task_job_runner.py:228} INFO - Task exited with return code 1
[2025-02-28T07:24:12.967+0000] {taskinstance.py:2778} INFO - 0 downstream tasks scheduled from follow-on schedule check
